[1444:2A60][2024-09-20T07:50:58]i001: Burn v3.14.0.5722, Windows v10.0 (Build 22631: Service Pack 0), path: C:\Windows\Temp\{5F578150-159C-43B5-B0D3-656B8AB33994}\.cr\python-3.12.1-amd64.exe
[1444:2A60][2024-09-20T07:50:58]i000: Initializing string variable 'ActionLikeInstalling' to value 'Installing'
[1444:2A60][2024-09-20T07:50:58]i000: Initializing string variable 'ActionLikeInstallation' to value 'Setup'
[1444:2A60][2024-09-20T07:50:58]i000: Initializing string variable 'ShortVersion' to value '3.12'
[1444:2A60][2024-09-20T07:50:58]i000: Initializing numeric variable 'ShortVersionNoDot' to value '312'
[1444:2A60][2024-09-20T07:50:58]i000: Initializing string variable 'WinVer' to value '3.12'
[1444:2A60][2024-09-20T07:50:58]i000: Initializing numeric variable 'WinVerNoDot' to value '312'
[1444:2A60][2024-09-20T07:50:58]i000: Initializing numeric variable 'InstallAllUsers' to value '0'
[1444:2A60][2024-09-20T07:50:58]i000: Initializing numeric variable 'InstallLauncherAllUsers' to value '0'
[1444:2A60][2024-09-20T07:50:58]i000: Initializing string variable 'TargetDir' to value ''
[1444:2A60][2024-09-20T07:50:58]i000: Initializing string variable 'DefaultAllUsersTargetDir' to value '[ProgramFiles64Folder]Python[WinVerNoDot]'
[1444:2A60][2024-09-20T07:50:58]i000: Initializing string variable 'TargetPlatform' to value 'x64'
[1444:2A60][2024-09-20T07:50:58]i000: Initializing string variable 'DefaultJustForMeTargetDir' to value '[LocalAppDataFolder]Programs\Python\Python[WinVerNoDot]'
[1444:2A60][2024-09-20T07:50:58]i000: Initializing string variable 'OptionalFeaturesRegistryKey' to value 'Software\Python\PythonCore\[WinVer]\InstalledFeatures'
[1444:2A60][2024-09-20T07:50:58]i000: Initializing string variable 'TargetDirRegistryKey' to value 'Software\Python\PythonCore\[WinVer]\InstallPath'
[1444:2A60][2024-09-20T07:50:58]i000: Initializing string variable 'DefaultCustomTargetDir' to value ''
[1444:2A60][2024-09-20T07:50:58]i000: Initializing string variable 'InstallAllUsersState' to value 'enabled'
[1444:2A60][2024-09-20T07:50:58]i000: Initializing string variable 'InstallLauncherAllUsersState' to value 'enabled'
[1444:2A60][2024-09-20T07:50:58]i000: Initializing string variable 'CustomInstallLauncherAllUsersState' to value '[InstallLauncherAllUsersState]'
[1444:2A60][2024-09-20T07:50:58]i000: Initializing string variable 'TargetDirState' to value 'enabled'
[1444:2A60][2024-09-20T07:50:58]i000: Initializing string variable 'CustomBrowseButtonState' to value 'enabled'
[1444:2A60][2024-09-20T07:50:58]i000: Initializing numeric variable 'Include_core' to value '1'
[1444:2A60][2024-09-20T07:50:58]i000: Initializing numeric variable 'Include_exe' to value '1'
[1444:2A60][2024-09-20T07:50:58]i000: Initializing numeric variable 'Include_dev' to value '1'
[1444:2A60][2024-09-20T07:50:58]i000: Initializing numeric variable 'Include_lib' to value '1'
[1444:2A60][2024-09-20T07:50:58]i000: Initializing numeric variable 'Include_test' to value '1'
[1444:2A60][2024-09-20T07:50:58]i000: Initializing numeric variable 'Include_doc' to value '1'
[1444:2A60][2024-09-20T07:50:58]i000: Initializing numeric variable 'Include_tools' to value '0'
[1444:2A60][2024-09-20T07:50:58]i000: Initializing numeric variable 'Include_tcltk' to value '1'
[1444:2A60][2024-09-20T07:50:58]i000: Initializing numeric variable 'Include_pip' to value '1'
[1444:2A60][2024-09-20T07:50:58]i000: Initializing numeric variable 'Include_launcher' to value '-1'
[1444:2A60][2024-09-20T07:50:58]i000: Initializing string variable 'Include_launcherState' to value 'enabled'
[1444:2A60][2024-09-20T07:50:58]i000: Initializing numeric variable 'Include_symbols' to value '0'
[1444:2A60][2024-09-20T07:50:58]i000: Initializing numeric variable 'Include_debug' to value '0'
[1444:2A60][2024-09-20T07:50:58]i000: Initializing numeric variable 'LauncherOnly' to value '0'
[1444:2A60][2024-09-20T07:50:58]i000: Initializing numeric variable 'DetectedLauncher' to value '0'
[1444:2A60][2024-09-20T07:50:58]i000: Initializing numeric variable 'DetectedOldLauncher' to value '0'
[1444:2A60][2024-09-20T07:50:58]i000: Initializing numeric variable 'AssociateFiles' to value '1'
[1444:2A60][2024-09-20T07:50:58]i000: Initializing numeric variable 'Shortcuts' to value '1'
[1444:2A60][2024-09-20T07:50:58]i000: Initializing numeric variable 'PrependPath' to value '0'
[1444:2A60][2024-09-20T07:50:58]i000: Initializing numeric variable 'AppendPath' to value '0'
[1444:2A60][2024-09-20T07:50:58]i000: Initializing numeric variable 'CompileAll' to value '0'
[1444:2A60][2024-09-20T07:50:58]i000: Initializing numeric variable 'SimpleInstall' to value '0'
[1444:2A60][2024-09-20T07:50:58]i000: Initializing string variable 'SimpleInstallDescription' to value ''
[1444:2A60][2024-09-20T07:50:58]i009: Command Line: '-burn.clean.room=C:\Users\noranekoshii\Documents\GitHub\BackupScript\python-3.12.1-amd64.exe -burn.filehandle.attached=884 -burn.filehandle.self=724 /passive InstallAllUsers=1 PrependPath=1 TargetDir=C:\Users\noranekoshii\AppData\Local\Programs\Python\Python312 /log python_install.log'
[1444:2A60][2024-09-20T07:50:58]i000: Setting string variable 'WixBundleOriginalSource' to value 'C:\Users\noranekoshii\Documents\GitHub\BackupScript\python-3.12.1-amd64.exe'
[1444:2A60][2024-09-20T07:50:58]i000: Setting string variable 'WixBundleOriginalSourceFolder' to value 'C:\Users\noranekoshii\Documents\GitHub\BackupScript\'
[1444:2A60][2024-09-20T07:50:58]i000: Setting string variable 'WixBundleLog' to value 'C:\Users\noranekoshii\Documents\GitHub\BackupScript\python_install.log'
[1444:2A60][2024-09-20T07:50:58]i000: Setting string variable 'WixBundleName' to value 'Python 3.12.1 (64-bit)'
[1444:2A60][2024-09-20T07:50:58]i000: Setting string variable 'WixBundleManufacturer' to value 'Python Software Foundation'
[1444:2A60][2024-09-20T07:50:58]i000: Setting numeric variable 'CRTInstalled' to value 1
[1444:24D0][2024-09-20T07:50:58]i000: Did not find C:\Users\noranekoshii\Documents\GitHub\BackupScript\unattend.xml
[1444:24D0][2024-09-20T07:50:58]i000: Setting numeric variable 'InstallAllUsers' to value 1
[1444:24D0][2024-09-20T07:50:58]i000: Setting numeric variable 'PrependPath' to value 1
[1444:24D0][2024-09-20T07:50:58]i000: Setting string variable 'TargetDir' to value 'C:\Users\noranekoshii\AppData\Local\Programs\Python\Python312'
[1444:24D0][2024-09-20T07:50:58]i000: Setting string variable 'ActionLikeInstalling' to value 'Installing'
[1444:24D0][2024-09-20T07:50:58]i000: Setting string variable 'ActionLikeInstallation' to value 'Setup'
[1444:24D0][2024-09-20T07:50:58]i000: Setting version variable 'WixBundleFileVersion' to value '3.12.1150.0'
[1444:24D0][2024-09-20T07:50:58]i000: Target OS is Windows 10 or later
[1444:2A60][2024-09-20T07:50:58]i100: Detect begin, 52 packages
[1444:2A60][2024-09-20T07:50:58]i101: Detected package: ucrt_AllUsers, state: Absent, cached: None
[1444:2A60][2024-09-20T07:50:58]i101: Detected package: ucrt_JustForMe, state: Absent, cached: None
[1444:2A60][2024-09-20T07:50:58]i101: Detected package: core_AllUsers, state: Absent, cached: None
[1444:2A60][2024-09-20T07:50:58]i101: Detected package: core_AllUsers_pdb, state: Absent, cached: None
[1444:2A60][2024-09-20T07:50:58]i101: Detected package: core_AllUsers_d, state: Absent, cached: None
[1444:2A60][2024-09-20T07:50:58]i101: Detected package: core_JustForMe, state: Absent, cached: None
[1444:2A60][2024-09-20T07:50:58]i101: Detected package: core_JustForMe_pdb, state: Absent, cached: None
[1444:2A60][2024-09-20T07:50:58]i101: Detected package: core_JustForMe_d, state: Absent, cached: None
[1444:2A60][2024-09-20T07:50:58]i101: Detected package: exe_AllUsers, state: Absent, cached: None
[1444:2A60][2024-09-20T07:50:58]i104: Detected package: exe_AllUsers, feature: DefaultFeature, state: Absent
[1444:2A60][2024-09-20T07:50:58]i104: Detected package: exe_AllUsers, feature: Shortcuts, state: Absent
[1444:2A60][2024-09-20T07:50:58]i101: Detected package: exe_AllUsers_pdb, state: Absent, cached: None
[1444:2A60][2024-09-20T07:50:58]i101: Detected package: exe_AllUsers_d, state: Absent, cached: None
[1444:2A60][2024-09-20T07:50:58]i101: Detected package: exe_JustForMe, state: Absent, cached: None
[1444:2A60][2024-09-20T07:50:58]i104: Detected package: exe_JustForMe, feature: DefaultFeature, state: Absent
[1444:2A60][2024-09-20T07:50:58]i104: Detected package: exe_JustForMe, feature: Shortcuts, state: Absent
[1444:2A60][2024-09-20T07:50:58]i101: Detected package: exe_JustForMe_pdb, state: Absent, cached: None
[1444:2A60][2024-09-20T07:50:58]i101: Detected package: exe_JustForMe_d, state: Absent, cached: None
[1444:2A60][2024-09-20T07:50:58]i101: Detected package: dev_AllUsers, state: Absent, cached: None
[1444:2A60][2024-09-20T07:50:58]i101: Detected package: dev_AllUsers_d, state: Absent, cached: None
[1444:2A60][2024-09-20T07:50:58]i101: Detected package: dev_JustForMe, state: Absent, cached: None
[1444:2A60][2024-09-20T07:50:58]i101: Detected package: dev_JustForMe_d, state: Absent, cached: None
[1444:2A60][2024-09-20T07:50:58]i101: Detected package: lib_AllUsers, state: Absent, cached: None
[1444:2A60][2024-09-20T07:50:58]i101: Detected package: lib_AllUsers_pdb, state: Absent, cached: None
[1444:2A60][2024-09-20T07:50:58]i101: Detected package: lib_AllUsers_d, state: Absent, cached: None
[1444:2A60][2024-09-20T07:50:58]i101: Detected package: lib_JustForMe, state: Absent, cached: None
[1444:2A60][2024-09-20T07:50:58]i101: Detected package: lib_JustForMe_pdb, state: Absent, cached: None
[1444:2A60][2024-09-20T07:50:58]i101: Detected package: lib_JustForMe_d, state: Absent, cached: None
[1444:2A60][2024-09-20T07:50:58]i101: Detected package: test_AllUsers, state: Absent, cached: None
[1444:2A60][2024-09-20T07:50:58]i101: Detected package: test_AllUsers_pdb, state: Absent, cached: None
[1444:2A60][2024-09-20T07:50:58]i101: Detected package: test_AllUsers_d, state: Absent, cached: None
[1444:2A60][2024-09-20T07:50:58]i101: Detected package: test_JustForMe, state: Absent, cached: None
[1444:2A60][2024-09-20T07:50:58]i101: Detected package: test_JustForMe_pdb, state: Absent, cached: None
[1444:2A60][2024-09-20T07:50:58]i101: Detected package: test_JustForMe_d, state: Absent, cached: None
[1444:2A60][2024-09-20T07:50:58]i101: Detected package: doc_AllUsers, state: Absent, cached: None
[1444:2A60][2024-09-20T07:50:58]i104: Detected package: doc_AllUsers, feature: DefaultFeature, state: Absent
[1444:2A60][2024-09-20T07:50:58]i104: Detected package: doc_AllUsers, feature: Shortcuts, state: Absent
[1444:2A60][2024-09-20T07:50:58]i101: Detected package: doc_JustForMe, state: Absent, cached: None
[1444:2A60][2024-09-20T07:50:58]i104: Detected package: doc_JustForMe, feature: DefaultFeature, state: Absent
[1444:2A60][2024-09-20T07:50:58]i104: Detected package: doc_JustForMe, feature: Shortcuts, state: Absent
[1444:2A60][2024-09-20T07:50:58]i101: Detected package: tcltk_AllUsers, state: Absent, cached: None
[1444:2A60][2024-09-20T07:50:58]i104: Detected package: tcltk_AllUsers, feature: DefaultFeature, state: Absent
[1444:2A60][2024-09-20T07:50:58]i104: Detected package: tcltk_AllUsers, feature: AssociateFiles, state: Absent
[1444:2A60][2024-09-20T07:50:58]i104: Detected package: tcltk_AllUsers, feature: Shortcuts, state: Absent
[1444:2A60][2024-09-20T07:50:58]i101: Detected package: tcltk_AllUsers_pdb, state: Absent, cached: None
[1444:2A60][2024-09-20T07:50:58]i104: Detected package: tcltk_AllUsers_pdb, feature: Symbols, state: Absent
[1444:2A60][2024-09-20T07:50:58]i101: Detected package: tcltk_AllUsers_d, state: Absent, cached: None
[1444:2A60][2024-09-20T07:50:58]i104: Detected package: tcltk_AllUsers_d, feature: DebugBinaries, state: Absent
[1444:2A60][2024-09-20T07:50:58]i101: Detected package: tcltk_JustForMe, state: Absent, cached: None
[1444:2A60][2024-09-20T07:50:58]i104: Detected package: tcltk_JustForMe, feature: DefaultFeature, state: Absent
[1444:2A60][2024-09-20T07:50:58]i104: Detected package: tcltk_JustForMe, feature: AssociateFiles, state: Absent
[1444:2A60][2024-09-20T07:50:58]i104: Detected package: tcltk_JustForMe, feature: Shortcuts, state: Absent
[1444:2A60][2024-09-20T07:50:58]i101: Detected package: tcltk_JustForMe_pdb, state: Absent, cached: None
[1444:2A60][2024-09-20T07:50:58]i104: Detected package: tcltk_JustForMe_pdb, feature: Symbols, state: Absent
[1444:2A60][2024-09-20T07:50:58]i101: Detected package: tcltk_JustForMe_d, state: Absent, cached: None
[1444:2A60][2024-09-20T07:50:58]i104: Detected package: tcltk_JustForMe_d, feature: DebugBinaries, state: Absent
[1444:2A60][2024-09-20T07:50:58]i101: Detected package: launcher_AllUsers, state: Absent, cached: Complete
[1444:2A60][2024-09-20T07:50:58]i104: Detected package: launcher_AllUsers, feature: DefaultFeature, state: Absent
[1444:2A60][2024-09-20T07:50:58]i104: Detected package: launcher_AllUsers, feature: AssociateFiles, state: Absent
[1444:2A60][2024-09-20T07:50:58]i101: Detected package: launcher_JustForMe, state: Absent, cached: None
[1444:2A60][2024-09-20T07:50:58]i104: Detected package: launcher_JustForMe, feature: DefaultFeature, state: Absent
[1444:2A60][2024-09-20T07:50:58]i104: Detected package: launcher_JustForMe, feature: AssociateFiles, state: Absent
[1444:2A60][2024-09-20T07:50:58]i101: Detected package: pip_AllUsers, state: Absent, cached: None
[1444:2A60][2024-09-20T07:50:58]i101: Detected package: pip_JustForMe, state: Absent, cached: None
[1444:2A60][2024-09-20T07:50:58]i101: Detected package: path_AllUsers, state: Absent, cached: None
[1444:2A60][2024-09-20T07:50:58]i101: Detected package: path_JustForMe, state: Absent, cached: None
[1444:2A60][2024-09-20T07:50:58]i101: Detected package: appendpath_AllUsers, state: Absent, cached: None
[1444:2A60][2024-09-20T07:50:58]i101: Detected package: appendpath_JustForMe, state: Absent, cached: None
[1444:2A60][2024-09-20T07:50:58]i101: Detected package: compileall_AllUsers, state: Absent, cached: None
[1444:2A60][2024-09-20T07:50:58]i101: Detected package: compileallO_AllUsers, state: Absent, cached: None
[1444:2A60][2024-09-20T07:50:58]i101: Detected package: compileallOO_AllUsers, state: Absent, cached: None
[1444:2A60][2024-09-20T07:50:58]i101: Detected package: compileall_JustForMe, state: Absent, cached: None
[1444:2A60][2024-09-20T07:50:58]i101: Detected package: compileallO_JustForMe, state: Absent, cached: None
[1444:2A60][2024-09-20T07:50:58]i101: Detected package: compileallOO_JustForMe, state: Absent, cached: None
[1444:2A60][2024-09-20T07:50:58]i000: Setting numeric variable 'Include_launcher' to value 1
[1444:2A60][2024-09-20T07:50:58]i199: Detect complete, result: 0x0
[1444:24D0][2024-09-20T07:50:58]i000: Setting string variable 'ActionLikeInstalling' to value 'Installing'
[1444:24D0][2024-09-20T07:50:58]i000: Setting string variable 'ActionLikeInstallation' to value 'Setup'
[1444:2A60][2024-09-20T07:50:58]i200: Plan begin, 52 packages, action: Install
[1444:2A60][2024-09-20T07:50:58]i052: Condition 'InstallAllUsers and not CRTInstalled and (Include_core or Include_exe or Include_pip) and not LauncherOnly' evaluates to false.
[1444:2A60][2024-09-20T07:50:58]i052: Condition 'InstallAllUsers and not CRTInstalled and (Include_core or Include_exe or Include_pip) and not LauncherOnly' evaluates to false.
[1444:2A60][2024-09-20T07:50:58]w322: Skipping cross-scope dependency registration on package: ucrt_AllUsers, bundle scope: PerUser, package scope: PerMachine
[1444:2A60][2024-09-20T07:50:58]i052: Condition 'not InstallAllUsers and not CRTInstalled and (Include_core or Include_exe or Include_pip) and not LauncherOnly' evaluates to false.
[1444:2A60][2024-09-20T07:50:58]i052: Condition 'not InstallAllUsers and not CRTInstalled and (Include_core or Include_exe or Include_pip) and not LauncherOnly' evaluates to false.
[1444:2A60][2024-09-20T07:50:58]i052: Condition 'InstallAllUsers and (Include_core or Include_exe or Include_launcher or Include_pip) and not LauncherOnly' evaluates to true.
[1444:2A60][2024-09-20T07:50:58]i052: Condition 'InstallAllUsers and (Include_core or Include_exe or Include_launcher or Include_pip) and not LauncherOnly' evaluates to true.
[1444:2A60][2024-09-20T07:50:58]w322: Skipping cross-scope dependency registration on package: core_AllUsers, bundle scope: PerUser, package scope: PerMachine
[1444:2A60][2024-09-20T07:50:58]i000: Setting string variable 'WixBundleRollbackLog_core_AllUsers' to value 'C:\Users\noranekoshii\Documents\GitHub\BackupScript\python_install_000_core_AllUsers_rollback.log'
[1444:2A60][2024-09-20T07:50:58]i000: Setting string variable 'WixBundleLog_core_AllUsers' to value 'C:\Users\noranekoshii\Documents\GitHub\BackupScript\python_install_000_core_AllUsers.log'
[1444:2A60][2024-09-20T07:50:58]i052: Condition 'InstallAllUsers and (Include_core or Include_exe or Include_launcher or Include_pip) and Include_symbols and not LauncherOnly' evaluates to false.
[1444:2A60][2024-09-20T07:50:58]i052: Condition 'InstallAllUsers and (Include_core or Include_exe or Include_launcher or Include_pip) and Include_symbols and not LauncherOnly' evaluates to false.
[1444:2A60][2024-09-20T07:50:58]w322: Skipping cross-scope dependency registration on package: core_AllUsers_pdb, bundle scope: PerUser, package scope: PerMachine
[1444:2A60][2024-09-20T07:50:58]i052: Condition 'InstallAllUsers and (Include_core or Include_exe or Include_launcher or Include_pip) and Include_debug and not LauncherOnly' evaluates to false.
[1444:2A60][2024-09-20T07:50:58]i052: Condition 'InstallAllUsers and (Include_core or Include_exe or Include_launcher or Include_pip) and Include_debug and not LauncherOnly' evaluates to false.
[1444:2A60][2024-09-20T07:50:58]w322: Skipping cross-scope dependency registration on package: core_AllUsers_d, bundle scope: PerUser, package scope: PerMachine
[1444:2A60][2024-09-20T07:50:58]i052: Condition 'not InstallAllUsers and (Include_core or Include_exe or Include_launcher or Include_pip) and not LauncherOnly' evaluates to false.
[1444:2A60][2024-09-20T07:50:58]i052: Condition 'not InstallAllUsers and (Include_core or Include_exe or Include_launcher or Include_pip) and not LauncherOnly' evaluates to false.
[1444:2A60][2024-09-20T07:50:58]i052: Condition 'not InstallAllUsers and (Include_core or Include_exe or Include_launcher or Include_pip) and Include_symbols and not LauncherOnly' evaluates to false.
[1444:2A60][2024-09-20T07:50:58]i052: Condition 'not InstallAllUsers and (Include_core or Include_exe or Include_launcher or Include_pip) and Include_symbols and not LauncherOnly' evaluates to false.
[1444:2A60][2024-09-20T07:50:58]i052: Condition 'not InstallAllUsers and (Include_core or Include_exe or Include_launcher or Include_pip) and Include_debug and not LauncherOnly' evaluates to false.
[1444:2A60][2024-09-20T07:50:58]i052: Condition 'not InstallAllUsers and (Include_core or Include_exe or Include_launcher or Include_pip) and Include_debug and not LauncherOnly' evaluates to false.
[1444:2A60][2024-09-20T07:50:58]i052: Condition 'InstallAllUsers and (Include_exe or Include_launcher or Include_pip) and not LauncherOnly' evaluates to true.
[1444:2A60][2024-09-20T07:50:58]i052: Condition 'InstallAllUsers and (Include_exe or Include_launcher or Include_pip) and not LauncherOnly' evaluates to true.
[1444:2A60][2024-09-20T07:50:58]i204: Plan 2 msi features for package: exe_AllUsers
[1444:2A60][2024-09-20T07:50:58]i203: Planned feature: DefaultFeature, state: Absent, default requested: Unknown, ba requested: Local, execute action: AddLocal, rollback action: Remove
[1444:2A60][2024-09-20T07:50:58]i203: Planned feature: Shortcuts, state: Absent, default requested: Unknown, ba requested: Local, execute action: AddLocal, rollback action: Remove
[1444:2A60][2024-09-20T07:50:58]w322: Skipping cross-scope dependency registration on package: exe_AllUsers, bundle scope: PerUser, package scope: PerMachine
[1444:2A60][2024-09-20T07:50:58]i000: Setting string variable 'WixBundleRollbackLog_exe_AllUsers' to value 'C:\Users\noranekoshii\Documents\GitHub\BackupScript\python_install_001_exe_AllUsers_rollback.log'
[1444:2A60][2024-09-20T07:50:58]i000: Setting string variable 'WixBundleLog_exe_AllUsers' to value 'C:\Users\noranekoshii\Documents\GitHub\BackupScript\python_install_001_exe_AllUsers.log'
[1444:2A60][2024-09-20T07:50:58]i052: Condition 'InstallAllUsers and (Include_exe or Include_launcher or Include_pip) and Include_symbols and not LauncherOnly' evaluates to false.
[1444:2A60][2024-09-20T07:50:58]i052: Condition 'InstallAllUsers and (Include_exe or Include_launcher or Include_pip) and Include_symbols and not LauncherOnly' evaluates to false.
[1444:2A60][2024-09-20T07:50:58]w322: Skipping cross-scope dependency registration on package: exe_AllUsers_pdb, bundle scope: PerUser, package scope: PerMachine
[1444:2A60][2024-09-20T07:50:58]i052: Condition 'InstallAllUsers and (Include_exe or Include_launcher or Include_pip) and Include_debug and not LauncherOnly' evaluates to false.
[1444:2A60][2024-09-20T07:50:58]i052: Condition 'InstallAllUsers and (Include_exe or Include_launcher or Include_pip) and Include_debug and not LauncherOnly' evaluates to false.
[1444:2A60][2024-09-20T07:50:58]w322: Skipping cross-scope dependency registration on package: exe_AllUsers_d, bundle scope: PerUser, package scope: PerMachine
[1444:2A60][2024-09-20T07:50:58]i052: Condition 'not InstallAllUsers and (Include_exe or Include_launcher or Include_pip) and not LauncherOnly' evaluates to false.
[1444:2A60][2024-09-20T07:50:58]i052: Condition 'not InstallAllUsers and (Include_exe or Include_launcher or Include_pip) and not LauncherOnly' evaluates to false.
[1444:2A60][2024-09-20T07:50:58]i204: Plan 2 msi features for package: exe_JustForMe
[1444:2A60][2024-09-20T07:50:58]i203: Planned feature: DefaultFeature, state: Absent, default requested: Unknown, ba requested: Local, execute action: AddLocal, rollback action: Remove
[1444:2A60][2024-09-20T07:50:58]i203: Planned feature: Shortcuts, state: Absent, default requested: Unknown, ba requested: Local, execute action: AddLocal, rollback action: Remove
[1444:2A60][2024-09-20T07:50:58]i052: Condition 'not InstallAllUsers and (Include_exe or Include_launcher or Include_pip) and Include_symbols and not LauncherOnly' evaluates to false.
[1444:2A60][2024-09-20T07:50:58]i052: Condition 'not InstallAllUsers and (Include_exe or Include_launcher or Include_pip) and Include_symbols and not LauncherOnly' evaluates to false.
[1444:2A60][2024-09-20T07:50:58]i052: Condition 'not InstallAllUsers and (Include_exe or Include_launcher or Include_pip) and Include_debug and not LauncherOnly' evaluates to false.
[1444:2A60][2024-09-20T07:50:58]i052: Condition 'not InstallAllUsers and (Include_exe or Include_launcher or Include_pip) and Include_debug and not LauncherOnly' evaluates to false.
[1444:2A60][2024-09-20T07:50:58]i052: Condition 'InstallAllUsers and Include_dev and not LauncherOnly' evaluates to true.
[1444:2A60][2024-09-20T07:50:58]i052: Condition 'InstallAllUsers and Include_dev and not LauncherOnly' evaluates to true.
[1444:2A60][2024-09-20T07:50:58]w322: Skipping cross-scope dependency registration on package: dev_AllUsers, bundle scope: PerUser, package scope: PerMachine
[1444:2A60][2024-09-20T07:50:58]i000: Setting string variable 'WixBundleRollbackLog_dev_AllUsers' to value 'C:\Users\noranekoshii\Documents\GitHub\BackupScript\python_install_002_dev_AllUsers_rollback.log'
[1444:2A60][2024-09-20T07:50:58]i000: Setting string variable 'WixBundleLog_dev_AllUsers' to value 'C:\Users\noranekoshii\Documents\GitHub\BackupScript\python_install_002_dev_AllUsers.log'
[1444:2A60][2024-09-20T07:50:58]i052: Condition 'InstallAllUsers and Include_dev and Include_debug and not LauncherOnly' evaluates to false.
[1444:2A60][2024-09-20T07:50:58]i052: Condition 'InstallAllUsers and Include_dev and Include_debug and not LauncherOnly' evaluates to false.
[1444:2A60][2024-09-20T07:50:58]w322: Skipping cross-scope dependency registration on package: dev_AllUsers_d, bundle scope: PerUser, package scope: PerMachine
[1444:2A60][2024-09-20T07:50:58]i052: Condition 'not InstallAllUsers and Include_dev and not LauncherOnly' evaluates to false.
[1444:2A60][2024-09-20T07:50:58]i052: Condition 'not InstallAllUsers and Include_dev and not LauncherOnly' evaluates to false.
[1444:2A60][2024-09-20T07:50:58]i052: Condition 'not InstallAllUsers and Include_dev and Include_debug and not LauncherOnly' evaluates to false.
[1444:2A60][2024-09-20T07:50:58]i052: Condition 'not InstallAllUsers and Include_dev and Include_debug and not LauncherOnly' evaluates to false.
[1444:2A60][2024-09-20T07:50:58]i052: Condition 'InstallAllUsers and Include_lib and not LauncherOnly' evaluates to true.
[1444:2A60][2024-09-20T07:50:58]i052: Condition 'InstallAllUsers and Include_lib and not LauncherOnly' evaluates to true.
[1444:2A60][2024-09-20T07:50:58]w322: Skipping cross-scope dependency registration on package: lib_AllUsers, bundle scope: PerUser, package scope: PerMachine
[1444:2A60][2024-09-20T07:50:58]i000: Setting string variable 'WixBundleRollbackLog_lib_AllUsers' to value 'C:\Users\noranekoshii\Documents\GitHub\BackupScript\python_install_003_lib_AllUsers_rollback.log'
[1444:2A60][2024-09-20T07:50:58]i000: Setting string variable 'WixBundleLog_lib_AllUsers' to value 'C:\Users\noranekoshii\Documents\GitHub\BackupScript\python_install_003_lib_AllUsers.log'
[1444:2A60][2024-09-20T07:50:58]i052: Condition 'InstallAllUsers and Include_lib and Include_symbols and not LauncherOnly' evaluates to false.
[1444:2A60][2024-09-20T07:50:58]i052: Condition 'InstallAllUsers and Include_lib and Include_symbols and not LauncherOnly' evaluates to false.
[1444:2A60][2024-09-20T07:50:58]w322: Skipping cross-scope dependency registration on package: lib_AllUsers_pdb, bundle scope: PerUser, package scope: PerMachine
[1444:2A60][2024-09-20T07:50:58]i052: Condition 'InstallAllUsers and Include_lib and Include_debug and not LauncherOnly' evaluates to false.
[1444:2A60][2024-09-20T07:50:58]i052: Condition 'InstallAllUsers and Include_lib and Include_debug and not LauncherOnly' evaluates to false.
[1444:2A60][2024-09-20T07:50:58]w322: Skipping cross-scope dependency registration on package: lib_AllUsers_d, bundle scope: PerUser, package scope: PerMachine
[1444:2A60][2024-09-20T07:50:58]i052: Condition 'not InstallAllUsers and Include_lib and not LauncherOnly' evaluates to false.
[1444:2A60][2024-09-20T07:50:58]i052: Condition 'not InstallAllUsers and Include_lib and not LauncherOnly' evaluates to false.
[1444:2A60][2024-09-20T07:50:58]i052: Condition 'not InstallAllUsers and Include_lib and Include_symbols and not LauncherOnly' evaluates to false.
[1444:2A60][2024-09-20T07:50:58]i052: Condition 'not InstallAllUsers and Include_lib and Include_symbols and not LauncherOnly' evaluates to false.
[1444:2A60][2024-09-20T07:50:58]i052: Condition 'not InstallAllUsers and Include_lib and Include_debug and not LauncherOnly' evaluates to false.
[1444:2A60][2024-09-20T07:50:58]i052: Condition 'not InstallAllUsers and Include_lib and Include_debug and not LauncherOnly' evaluates to false.
[1444:2A60][2024-09-20T07:50:58]i052: Condition 'InstallAllUsers and Include_test and not LauncherOnly' evaluates to true.
[1444:2A60][2024-09-20T07:50:58]i052: Condition 'InstallAllUsers and Include_test and not LauncherOnly' evaluates to true.
[1444:2A60][2024-09-20T07:50:58]w322: Skipping cross-scope dependency registration on package: test_AllUsers, bundle scope: PerUser, package scope: PerMachine
[1444:2A60][2024-09-20T07:50:58]i000: Setting string variable 'WixBundleRollbackLog_test_AllUsers' to value 'C:\Users\noranekoshii\Documents\GitHub\BackupScript\python_install_004_test_AllUsers_rollback.log'
[1444:2A60][2024-09-20T07:50:58]i000: Setting string variable 'WixBundleLog_test_AllUsers' to value 'C:\Users\noranekoshii\Documents\GitHub\BackupScript\python_install_004_test_AllUsers.log'
[1444:2A60][2024-09-20T07:50:58]i052: Condition 'InstallAllUsers and Include_test and Include_symbols and not LauncherOnly' evaluates to false.
[1444:2A60][2024-09-20T07:50:58]i052: Condition 'InstallAllUsers and Include_test and Include_symbols and not LauncherOnly' evaluates to false.
[1444:2A60][2024-09-20T07:50:58]w322: Skipping cross-scope dependency registration on package: test_AllUsers_pdb, bundle scope: PerUser, package scope: PerMachine
[1444:2A60][2024-09-20T07:50:58]i052: Condition 'InstallAllUsers and Include_test and Include_debug and not LauncherOnly' evaluates to false.
[1444:2A60][2024-09-20T07:50:58]i052: Condition 'InstallAllUsers and Include_test and Include_debug and not LauncherOnly' evaluates to false.
[1444:2A60][2024-09-20T07:50:58]w322: Skipping cross-scope dependency registration on package: test_AllUsers_d, bundle scope: PerUser, package scope: PerMachine
[1444:2A60][2024-09-20T07:50:58]i052: Condition 'not InstallAllUsers and Include_test and not LauncherOnly' evaluates to false.
[1444:2A60][2024-09-20T07:50:58]i052: Condition 'not InstallAllUsers and Include_test and not LauncherOnly' evaluates to false.
[1444:2A60][2024-09-20T07:50:58]i052: Condition 'not InstallAllUsers and Include_test and Include_symbols and not LauncherOnly' evaluates to false.
[1444:2A60][2024-09-20T07:50:58]i052: Condition 'not InstallAllUsers and Include_test and Include_symbols and not LauncherOnly' evaluates to false.
[1444:2A60][2024-09-20T07:50:58]i052: Condition 'not InstallAllUsers and Include_test and Include_debug and not LauncherOnly' evaluates to false.
[1444:2A60][2024-09-20T07:50:58]i052: Condition 'not InstallAllUsers and Include_test and Include_debug and not LauncherOnly' evaluates to false.
[1444:2A60][2024-09-20T07:50:58]i052: Condition 'InstallAllUsers and Include_doc and not LauncherOnly' evaluates to true.
[1444:2A60][2024-09-20T07:50:58]i052: Condition 'InstallAllUsers and Include_doc and not LauncherOnly' evaluates to true.
[1444:2A60][2024-09-20T07:50:58]i204: Plan 2 msi features for package: doc_AllUsers
[1444:2A60][2024-09-20T07:50:58]i203: Planned feature: DefaultFeature, state: Absent, default requested: Unknown, ba requested: Local, execute action: AddLocal, rollback action: Remove
[1444:2A60][2024-09-20T07:50:58]i203: Planned feature: Shortcuts, state: Absent, default requested: Unknown, ba requested: Local, execute action: AddLocal, rollback action: Remove
[1444:2A60][2024-09-20T07:50:58]w322: Skipping cross-scope dependency registration on package: doc_AllUsers, bundle scope: PerUser, package scope: PerMachine
[1444:2A60][2024-09-20T07:50:58]i000: Setting string variable 'WixBundleRollbackLog_doc_AllUsers' to value 'C:\Users\noranekoshii\Documents\GitHub\BackupScript\python_install_005_doc_AllUsers_rollback.log'
[1444:2A60][2024-09-20T07:50:58]i000: Setting string variable 'WixBundleLog_doc_AllUsers' to value 'C:\Users\noranekoshii\Documents\GitHub\BackupScript\python_install_005_doc_AllUsers.log'
[1444:2A60][2024-09-20T07:50:58]i052: Condition 'not InstallAllUsers and Include_doc and not LauncherOnly' evaluates to false.
[1444:2A60][2024-09-20T07:50:58]i052: Condition 'not InstallAllUsers and Include_doc and not LauncherOnly' evaluates to false.
[1444:2A60][2024-09-20T07:50:58]i204: Plan 2 msi features for package: doc_JustForMe
[1444:2A60][2024-09-20T07:50:58]i203: Planned feature: DefaultFeature, state: Absent, default requested: Unknown, ba requested: Local, execute action: AddLocal, rollback action: Remove
[1444:2A60][2024-09-20T07:50:58]i203: Planned feature: Shortcuts, state: Absent, default requested: Unknown, ba requested: Local, execute action: AddLocal, rollback action: Remove
[1444:2A60][2024-09-20T07:50:58]i052: Condition 'InstallAllUsers and Include_tcltk and not LauncherOnly' evaluates to true.
[1444:2A60][2024-09-20T07:50:58]i052: Condition 'InstallAllUsers and Include_tcltk and not LauncherOnly' evaluates to true.
[1444:2A60][2024-09-20T07:50:58]i204: Plan 3 msi features for package: tcltk_AllUsers
[1444:2A60][2024-09-20T07:50:58]i203: Planned feature: DefaultFeature, state: Absent, default requested: Unknown, ba requested: Local, execute action: AddLocal, rollback action: Remove
[1444:2A60][2024-09-20T07:50:58]i203: Planned feature: AssociateFiles, state: Absent, default requested: Unknown, ba requested: Local, execute action: AddLocal, rollback action: Remove
[1444:2A60][2024-09-20T07:50:58]i203: Planned feature: Shortcuts, state: Absent, default requested: Unknown, ba requested: Local, execute action: AddLocal, rollback action: Remove
[1444:2A60][2024-09-20T07:50:58]w322: Skipping cross-scope dependency registration on package: tcltk_AllUsers, bundle scope: PerUser, package scope: PerMachine
[1444:2A60][2024-09-20T07:50:58]i000: Setting string variable 'WixBundleRollbackLog_tcltk_AllUsers' to value 'C:\Users\noranekoshii\Documents\GitHub\BackupScript\python_install_006_tcltk_AllUsers_rollback.log'
[1444:2A60][2024-09-20T07:50:58]i000: Setting string variable 'WixBundleLog_tcltk_AllUsers' to value 'C:\Users\noranekoshii\Documents\GitHub\BackupScript\python_install_006_tcltk_AllUsers.log'
[1444:2A60][2024-09-20T07:50:58]i052: Condition 'InstallAllUsers and Include_tcltk and Include_symbols and not LauncherOnly' evaluates to false.
[1444:2A60][2024-09-20T07:50:58]i052: Condition 'InstallAllUsers and Include_tcltk and Include_symbols and not LauncherOnly' evaluates to false.
[1444:2A60][2024-09-20T07:50:58]i204: Plan 1 msi features for package: tcltk_AllUsers_pdb
[1444:2A60][2024-09-20T07:50:58]i203: Planned feature: Symbols, state: Absent, default requested: Unknown, ba requested: Local, execute action: AddLocal, rollback action: Remove
[1444:2A60][2024-09-20T07:50:58]w322: Skipping cross-scope dependency registration on package: tcltk_AllUsers_pdb, bundle scope: PerUser, package scope: PerMachine
[1444:2A60][2024-09-20T07:50:58]i052: Condition 'InstallAllUsers and Include_tcltk and Include_debug and not LauncherOnly' evaluates to false.
[1444:2A60][2024-09-20T07:50:58]i052: Condition 'InstallAllUsers and Include_tcltk and Include_debug and not LauncherOnly' evaluates to false.
[1444:2A60][2024-09-20T07:50:58]i204: Plan 1 msi features for package: tcltk_AllUsers_d
[1444:2A60][2024-09-20T07:50:58]i203: Planned feature: DebugBinaries, state: Absent, default requested: Unknown, ba requested: Local, execute action: AddLocal, rollback action: Remove
[1444:2A60][2024-09-20T07:50:58]w322: Skipping cross-scope dependency registration on package: tcltk_AllUsers_d, bundle scope: PerUser, package scope: PerMachine
[1444:2A60][2024-09-20T07:50:58]i052: Condition 'not InstallAllUsers and Include_tcltk and not LauncherOnly' evaluates to false.
[1444:2A60][2024-09-20T07:50:58]i052: Condition 'not InstallAllUsers and Include_tcltk and not LauncherOnly' evaluates to false.
[1444:2A60][2024-09-20T07:50:58]i204: Plan 3 msi features for package: tcltk_JustForMe
[1444:2A60][2024-09-20T07:50:58]i203: Planned feature: DefaultFeature, state: Absent, default requested: Unknown, ba requested: Local, execute action: AddLocal, rollback action: Remove
[1444:2A60][2024-09-20T07:50:58]i203: Planned feature: AssociateFiles, state: Absent, default requested: Unknown, ba requested: Local, execute action: AddLocal, rollback action: Remove
[1444:2A60][2024-09-20T07:50:58]i203: Planned feature: Shortcuts, state: Absent, default requested: Unknown, ba requested: Local, execute action: AddLocal, rollback action: Remove
[1444:2A60][2024-09-20T07:50:58]i052: Condition 'not InstallAllUsers and Include_tcltk and Include_symbols and not LauncherOnly' evaluates to false.
[1444:2A60][2024-09-20T07:50:58]i052: Condition 'not InstallAllUsers and Include_tcltk and Include_symbols and not LauncherOnly' evaluates to false.
[1444:2A60][2024-09-20T07:50:58]i204: Plan 1 msi features for package: tcltk_JustForMe_pdb
[1444:2A60][2024-09-20T07:50:58]i203: Planned feature: Symbols, state: Absent, default requested: Unknown, ba requested: Local, execute action: AddLocal, rollback action: Remove
[1444:2A60][2024-09-20T07:50:58]i052: Condition 'not InstallAllUsers and Include_tcltk and Include_debug and not LauncherOnly' evaluates to false.
[1444:2A60][2024-09-20T07:50:58]i052: Condition 'not InstallAllUsers and Include_tcltk and Include_debug and not LauncherOnly' evaluates to false.
[1444:2A60][2024-09-20T07:50:58]i204: Plan 1 msi features for package: tcltk_JustForMe_d
[1444:2A60][2024-09-20T07:50:58]i203: Planned feature: DebugBinaries, state: Absent, default requested: Unknown, ba requested: Local, execute action: AddLocal, rollback action: Remove
[1444:2A60][2024-09-20T07:50:58]i052: Condition '(InstallAllUsers or InstallLauncherAllUsers) and Include_launcher and not DetectedLauncher' evaluates to true.
[1444:2A60][2024-09-20T07:50:58]i052: Condition '(InstallAllUsers or InstallLauncherAllUsers) and Include_launcher and not DetectedLauncher' evaluates to true.
[1444:2A60][2024-09-20T07:50:58]i204: Plan 2 msi features for package: launcher_AllUsers
[1444:2A60][2024-09-20T07:50:58]i203: Planned feature: DefaultFeature, state: Absent, default requested: Unknown, ba requested: Local, execute action: AddLocal, rollback action: Remove
[1444:2A60][2024-09-20T07:50:58]i203: Planned feature: AssociateFiles, state: Absent, default requested: Unknown, ba requested: Local, execute action: AddLocal, rollback action: Remove
[1444:2A60][2024-09-20T07:50:58]w322: Skipping cross-scope dependency registration on package: launcher_AllUsers, bundle scope: PerUser, package scope: PerMachine
[1444:2A60][2024-09-20T07:50:58]i000: Setting string variable 'WixBundleLog_launcher_AllUsers' to value 'C:\Users\noranekoshii\Documents\GitHub\BackupScript\python_install_007_launcher_AllUsers.log'
[1444:2A60][2024-09-20T07:50:58]i052: Condition 'not (InstallAllUsers or InstallLauncherAllUsers) and Include_launcher and not DetectedLauncher' evaluates to false.
[1444:2A60][2024-09-20T07:50:58]i052: Condition 'not (InstallAllUsers or InstallLauncherAllUsers) and Include_launcher and not DetectedLauncher' evaluates to false.
[1444:2A60][2024-09-20T07:50:58]i204: Plan 2 msi features for package: launcher_JustForMe
[1444:2A60][2024-09-20T07:50:58]i203: Planned feature: DefaultFeature, state: Absent, default requested: Unknown, ba requested: Local, execute action: AddLocal, rollback action: Remove
[1444:2A60][2024-09-20T07:50:58]i203: Planned feature: AssociateFiles, state: Absent, default requested: Unknown, ba requested: Local, execute action: AddLocal, rollback action: Remove
[1444:2A60][2024-09-20T07:50:58]i052: Condition 'InstallAllUsers and Include_pip and not LauncherOnly' evaluates to true.
[1444:2A60][2024-09-20T07:50:58]i052: Condition 'InstallAllUsers and Include_pip and not LauncherOnly' evaluates to true.
[1444:2A60][2024-09-20T07:50:58]w322: Skipping cross-scope dependency registration on package: pip_AllUsers, bundle scope: PerUser, package scope: PerMachine
[1444:2A60][2024-09-20T07:50:58]i000: Setting string variable 'WixBundleRollbackLog_pip_AllUsers' to value 'C:\Users\noranekoshii\Documents\GitHub\BackupScript\python_install_008_pip_AllUsers_rollback.log'
[1444:2A60][2024-09-20T07:50:58]i000: Setting string variable 'WixBundleLog_pip_AllUsers' to value 'C:\Users\noranekoshii\Documents\GitHub\BackupScript\python_install_008_pip_AllUsers.log'
[1444:2A60][2024-09-20T07:50:58]i052: Condition 'not InstallAllUsers and Include_pip and not LauncherOnly' evaluates to false.
[1444:2A60][2024-09-20T07:50:58]i052: Condition 'not InstallAllUsers and Include_pip and not LauncherOnly' evaluates to false.
[1444:2A60][2024-09-20T07:50:58]i052: Condition 'InstallAllUsers and PrependPath and not LauncherOnly' evaluates to true.
[1444:2A60][2024-09-20T07:50:58]i052: Condition 'InstallAllUsers and PrependPath and not LauncherOnly' evaluates to true.
[1444:2A60][2024-09-20T07:50:58]w322: Skipping cross-scope dependency registration on package: path_AllUsers, bundle scope: PerUser, package scope: PerMachine
[1444:2A60][2024-09-20T07:50:58]i000: Setting string variable 'WixBundleRollbackLog_path_AllUsers' to value 'C:\Users\noranekoshii\Documents\GitHub\BackupScript\python_install_009_path_AllUsers_rollback.log'
[1444:2A60][2024-09-20T07:50:58]i000: Setting string variable 'WixBundleLog_path_AllUsers' to value 'C:\Users\noranekoshii\Documents\GitHub\BackupScript\python_install_009_path_AllUsers.log'
[1444:2A60][2024-09-20T07:50:58]i052: Condition 'not InstallAllUsers and PrependPath and not LauncherOnly' evaluates to false.
[1444:2A60][2024-09-20T07:50:58]i052: Condition 'not InstallAllUsers and PrependPath and not LauncherOnly' evaluates to false.
[1444:2A60][2024-09-20T07:50:58]i052: Condition 'InstallAllUsers and AppendPath and not LauncherOnly' evaluates to false.
[1444:2A60][2024-09-20T07:50:58]i052: Condition 'InstallAllUsers and AppendPath and not LauncherOnly' evaluates to false.
[1444:2A60][2024-09-20T07:50:58]w322: Skipping cross-scope dependency registration on package: appendpath_AllUsers, bundle scope: PerUser, package scope: PerMachine
[1444:2A60][2024-09-20T07:50:58]i052: Condition 'not InstallAllUsers and AppendPath and not LauncherOnly' evaluates to false.
[1444:2A60][2024-09-20T07:50:58]i052: Condition 'not InstallAllUsers and AppendPath and not LauncherOnly' evaluates to false.
[1444:2A60][2024-09-20T07:50:58]i052: Condition 'InstallAllUsers and CompileAll and not LauncherOnly' evaluates to false.
[1444:2A60][2024-09-20T07:50:58]i052: Condition 'InstallAllUsers and CompileAll and not LauncherOnly' evaluates to false.
[1444:2A60][2024-09-20T07:50:58]w321: Skipping dependency registration on package with no dependency providers: compileall_AllUsers
[1444:2A60][2024-09-20T07:50:58]i052: Condition 'InstallAllUsers and CompileAll and not LauncherOnly' evaluates to false.
[1444:2A60][2024-09-20T07:50:58]i052: Condition 'InstallAllUsers and CompileAll and not LauncherOnly' evaluates to false.
[1444:2A60][2024-09-20T07:50:58]w321: Skipping dependency registration on package with no dependency providers: compileallO_AllUsers
[1444:2A60][2024-09-20T07:50:58]i052: Condition 'InstallAllUsers and CompileAll and not LauncherOnly' evaluates to false.
[1444:2A60][2024-09-20T07:50:58]i052: Condition 'InstallAllUsers and CompileAll and not LauncherOnly' evaluates to false.
[1444:2A60][2024-09-20T07:50:58]w321: Skipping dependency registration on package with no dependency providers: compileallOO_AllUsers
[1444:2A60][2024-09-20T07:50:58]i052: Condition 'not InstallAllUsers and CompileAll and not LauncherOnly' evaluates to false.
[1444:2A60][2024-09-20T07:50:58]i052: Condition 'not InstallAllUsers and CompileAll and not LauncherOnly' evaluates to false.
[1444:2A60][2024-09-20T07:50:58]w321: Skipping dependency registration on package with no dependency providers: compileall_JustForMe
[1444:2A60][2024-09-20T07:50:58]i052: Condition 'not InstallAllUsers and CompileAll and not LauncherOnly' evaluates to false.
[1444:2A60][2024-09-20T07:50:58]i052: Condition 'not InstallAllUsers and CompileAll and not LauncherOnly' evaluates to false.
[1444:2A60][2024-09-20T07:50:58]w321: Skipping dependency registration on package with no dependency providers: compileallO_JustForMe
[1444:2A60][2024-09-20T07:50:58]i052: Condition 'not InstallAllUsers and CompileAll and not LauncherOnly' evaluates to false.
[1444:2A60][2024-09-20T07:50:58]i052: Condition 'not InstallAllUsers and CompileAll and not LauncherOnly' evaluates to false.
[1444:2A60][2024-09-20T07:50:58]w321: Skipping dependency registration on package with no dependency providers: compileallOO_JustForMe
[1444:2A60][2024-09-20T07:50:58]i201: Planned package: ucrt_AllUsers, state: Absent, default requested: Absent, ba requested: Absent, execute: None, rollback: None, cache: No, uncache: No, dependency: None
[1444:2A60][2024-09-20T07:50:58]i201: Planned package: ucrt_JustForMe, state: Absent, default requested: Absent, ba requested: Absent, execute: None, rollback: None, cache: No, uncache: No, dependency: None
[1444:2A60][2024-09-20T07:50:58]i201: Planned package: core_AllUsers, state: Absent, default requested: Present, ba requested: Present, execute: Install, rollback: Uninstall, cache: Yes, uncache: No, dependency: None
[1444:2A60][2024-09-20T07:50:58]i201: Planned package: core_AllUsers_pdb, state: Absent, default requested: Absent, ba requested: Absent, execute: None, rollback: None, cache: No, uncache: No, dependency: None
[1444:2A60][2024-09-20T07:50:58]i201: Planned package: core_AllUsers_d, state: Absent, default requested: Absent, ba requested: Absent, execute: None, rollback: None, cache: No, uncache: No, dependency: None
[1444:2A60][2024-09-20T07:50:58]i201: Planned package: core_JustForMe, state: Absent, default requested: Absent, ba requested: Absent, execute: None, rollback: None, cache: No, uncache: No, dependency: None
[1444:2A60][2024-09-20T07:50:58]i201: Planned package: core_JustForMe_pdb, state: Absent, default requested: Absent, ba requested: Absent, execute: None, rollback: None, cache: No, uncache: No, dependency: None
[1444:2A60][2024-09-20T07:50:58]i201: Planned package: core_JustForMe_d, state: Absent, default requested: Absent, ba requested: Absent, execute: None, rollback: None, cache: No, uncache: No, dependency: None
[1444:2A60][2024-09-20T07:50:58]i201: Planned package: exe_AllUsers, state: Absent, default requested: Present, ba requested: Present, execute: Install, rollback: Uninstall, cache: Yes, uncache: No, dependency: None
[1444:2A60][2024-09-20T07:50:58]i201: Planned package: exe_AllUsers_pdb, state: Absent, default requested: Absent, ba requested: Absent, execute: None, rollback: None, cache: No, uncache: No, dependency: None
[1444:2A60][2024-09-20T07:50:58]i201: Planned package: exe_AllUsers_d, state: Absent, default requested: Absent, ba requested: Absent, execute: None, rollback: None, cache: No, uncache: No, dependency: None
[1444:2A60][2024-09-20T07:50:58]i201: Planned package: exe_JustForMe, state: Absent, default requested: Absent, ba requested: Absent, execute: None, rollback: None, cache: No, uncache: No, dependency: None
[1444:2A60][2024-09-20T07:50:58]i201: Planned package: exe_JustForMe_pdb, state: Absent, default requested: Absent, ba requested: Absent, execute: None, rollback: None, cache: No, uncache: No, dependency: None
[1444:2A60][2024-09-20T07:50:58]i201: Planned package: exe_JustForMe_d, state: Absent, default requested: Absent, ba requested: Absent, execute: None, rollback: None, cache: No, uncache: No, dependency: None
[1444:2A60][2024-09-20T07:50:58]i201: Planned package: dev_AllUsers, state: Absent, default requested: Present, ba requested: Present, execute: Install, rollback: Uninstall, cache: Yes, uncache: No, dependency: None
[1444:2A60][2024-09-20T07:50:58]i201: Planned package: dev_AllUsers_d, state: Absent, default requested: Absent, ba requested: Absent, execute: None, rollback: None, cache: No, uncache: No, dependency: None
[1444:2A60][2024-09-20T07:50:58]i201: Planned package: dev_JustForMe, state: Absent, default requested: Absent, ba requested: Absent, execute: None, rollback: None, cache: No, uncache: No, dependency: None
[1444:2A60][2024-09-20T07:50:58]i201: Planned package: dev_JustForMe_d, state: Absent, default requested: Absent, ba requested: Absent, execute: None, rollback: None, cache: No, uncache: No, dependency: None
[1444:2A60][2024-09-20T07:50:58]i201: Planned package: lib_AllUsers, state: Absent, default requested: Present, ba requested: Present, execute: Install, rollback: Uninstall, cache: Yes, uncache: No, dependency: None
[1444:2A60][2024-09-20T07:50:58]i201: Planned package: lib_AllUsers_pdb, state: Absent, default requested: Absent, ba requested: Absent, execute: None, rollback: None, cache: No, uncache: No, dependency: None
[1444:2A60][2024-09-20T07:50:58]i201: Planned package: lib_AllUsers_d, state: Absent, default requested: Absent, ba requested: Absent, execute: None, rollback: None, cache: No, uncache: No, dependency: None
[1444:2A60][2024-09-20T07:50:58]i201: Planned package: lib_JustForMe, state: Absent, default requested: Absent, ba requested: Absent, execute: None, rollback: None, cache: No, uncache: No, dependency: None
[1444:2A60][2024-09-20T07:50:58]i201: Planned package: lib_JustForMe_pdb, state: Absent, default requested: Absent, ba requested: Absent, execute: None, rollback: None, cache: No, uncache: No, dependency: None
[1444:2A60][2024-09-20T07:50:58]i201: Planned package: lib_JustForMe_d, state: Absent, default requested: Absent, ba requested: Absent, execute: None, rollback: None, cache: No, uncache: No, dependency: None
[1444:2A60][2024-09-20T07:50:58]i201: Planned package: test_AllUsers, state: Absent, default requested: Present, ba requested: Present, execute: Install, rollback: Uninstall, cache: Yes, uncache: No, dependency: None
[1444:2A60][2024-09-20T07:50:58]i201: Planned package: test_AllUsers_pdb, state: Absent, default requested: Absent, ba requested: Absent, execute: None, rollback: None, cache: No, uncache: No, dependency: None
[1444:2A60][2024-09-20T07:50:58]i201: Planned package: test_AllUsers_d, state: Absent, default requested: Absent, ba requested: Absent, execute: None, rollback: None, cache: No, uncache: No, dependency: None
[1444:2A60][2024-09-20T07:50:58]i201: Planned package: test_JustForMe, state: Absent, default requested: Absent, ba requested: Absent, execute: None, rollback: None, cache: No, uncache: No, dependency: None
[1444:2A60][2024-09-20T07:50:58]i201: Planned package: test_JustForMe_pdb, state: Absent, default requested: Absent, ba requested: Absent, execute: None, rollback: None, cache: No, uncache: No, dependency: None
[1444:2A60][2024-09-20T07:50:58]i201: Planned package: test_JustForMe_d, state: Absent, default requested: Absent, ba requested: Absent, execute: None, rollback: None, cache: No, uncache: No, dependency: None
[1444:2A60][2024-09-20T07:50:58]i201: Planned package: doc_AllUsers, state: Absent, default requested: Present, ba requested: Present, execute: Install, rollback: Uninstall, cache: Yes, uncache: No, dependency: None
[1444:2A60][2024-09-20T07:50:58]i201: Planned package: doc_JustForMe, state: Absent, default requested: Absent, ba requested: Absent, execute: None, rollback: None, cache: No, uncache: No, dependency: None
[1444:2A60][2024-09-20T07:50:58]i201: Planned package: tcltk_AllUsers, state: Absent, default requested: Present, ba requested: Present, execute: Install, rollback: Uninstall, cache: Yes, uncache: No, dependency: None
[1444:2A60][2024-09-20T07:50:58]i201: Planned package: tcltk_AllUsers_pdb, state: Absent, default requested: Absent, ba requested: Absent, execute: None, rollback: None, cache: No, uncache: No, dependency: None
[1444:2A60][2024-09-20T07:50:58]i201: Planned package: tcltk_AllUsers_d, state: Absent, default requested: Absent, ba requested: Absent, execute: None, rollback: None, cache: No, uncache: No, dependency: None
[1444:2A60][2024-09-20T07:50:58]i201: Planned package: tcltk_JustForMe, state: Absent, default requested: Absent, ba requested: Absent, execute: None, rollback: None, cache: No, uncache: No, dependency: None
[1444:2A60][2024-09-20T07:50:58]i201: Planned package: tcltk_JustForMe_pdb, state: Absent, default requested: Absent, ba requested: Absent, execute: None, rollback: None, cache: No, uncache: No, dependency: None
[1444:2A60][2024-09-20T07:50:58]i201: Planned package: tcltk_JustForMe_d, state: Absent, default requested: Absent, ba requested: Absent, execute: None, rollback: None, cache: No, uncache: No, dependency: None
[1444:2A60][2024-09-20T07:50:58]i201: Planned package: launcher_AllUsers, state: Absent, default requested: Present, ba requested: Present, execute: Install, rollback: None, cache: No, uncache: No, dependency: None
[1444:2A60][2024-09-20T07:50:58]i201: Planned package: launcher_JustForMe, state: Absent, default requested: Absent, ba requested: Absent, execute: None, rollback: None, cache: No, uncache: No, dependency: None
[1444:2A60][2024-09-20T07:50:58]i201: Planned package: pip_AllUsers, state: Absent, default requested: Present, ba requested: Present, execute: Install, rollback: Uninstall, cache: Yes, uncache: No, dependency: None
[1444:2A60][2024-09-20T07:50:58]i201: Planned package: pip_JustForMe, state: Absent, default requested: Absent, ba requested: Absent, execute: None, rollback: None, cache: No, uncache: No, dependency: None
[1444:2A60][2024-09-20T07:50:58]i201: Planned package: path_AllUsers, state: Absent, default requested: Present, ba requested: Present, execute: Install, rollback: Uninstall, cache: Yes, uncache: No, dependency: None
[1444:2A60][2024-09-20T07:50:58]i201: Planned package: path_JustForMe, state: Absent, default requested: Absent, ba requested: Absent, execute: None, rollback: None, cache: No, uncache: No, dependency: None
[1444:2A60][2024-09-20T07:50:58]i201: Planned package: appendpath_AllUsers, state: Absent, default requested: Absent, ba requested: Absent, execute: None, rollback: None, cache: No, uncache: No, dependency: None
[1444:2A60][2024-09-20T07:50:58]i201: Planned package: appendpath_JustForMe, state: Absent, default requested: Absent, ba requested: Absent, execute: None, rollback: None, cache: No, uncache: No, dependency: None
[1444:2A60][2024-09-20T07:50:58]i201: Planned package: compileall_AllUsers, state: Absent, default requested: Absent, ba requested: Absent, execute: None, rollback: None, cache: No, uncache: No, dependency: None
[1444:2A60][2024-09-20T07:50:58]i201: Planned package: compileallO_AllUsers, state: Absent, default requested: Absent, ba requested: Absent, execute: None, rollback: None, cache: No, uncache: No, dependency: None
[1444:2A60][2024-09-20T07:50:58]i201: Planned package: compileallOO_AllUsers, state: Absent, default requested: Absent, ba requested: Absent, execute: None, rollback: None, cache: No, uncache: No, dependency: None
[1444:2A60][2024-09-20T07:50:58]i201: Planned package: compileall_JustForMe, state: Absent, default requested: Absent, ba requested: Absent, execute: None, rollback: None, cache: No, uncache: No, dependency: None
[1444:2A60][2024-09-20T07:50:58]i201: Planned package: compileallO_JustForMe, state: Absent, default requested: Absent, ba requested: Absent, execute: None, rollback: None, cache: No, uncache: No, dependency: None
[1444:2A60][2024-09-20T07:50:58]i201: Planned package: compileallOO_JustForMe, state: Absent, default requested: Absent, ba requested: Absent, execute: None, rollback: None, cache: No, uncache: No, dependency: None
[1444:2A60][2024-09-20T07:50:58]i299: Plan complete, result: 0x0
[1444:2A60][2024-09-20T07:50:58]i300: Apply begin
[1444:2A60][2024-09-20T07:50:58]i010: Launching elevated engine process.
[1444:2A60][2024-09-20T07:50:58]i011: Launched elevated engine process.
[1444:2A60][2024-09-20T07:50:59]i012: Connected to elevated engine.
[14B0:2814][2024-09-20T07:50:59]i358: Pausing automatic updates.
[14B0:2814][2024-09-20T07:50:59]i359: Paused automatic updates.
[14B0:2814][2024-09-20T07:50:59]i360: Creating a system restore point.
[14B0:2814][2024-09-20T07:50:59]w363: Could not create system restore point, error: 0x80070422. Continuing...
[1444:2A60][2024-09-20T07:50:59]i370: Session begin, registration key: SOFTWARE\Microsoft\Windows\CurrentVersion\Uninstall\{86e52725-ef45-452f-ac4c-b8958718bfea}, options: 0x7, disable resume: No
[1444:2A60][2024-09-20T07:50:59]i000: Caching bundle from: 'C:\Windows\Temp\{A28C2965-CC9D-41B7-B58C-88BB55DFD137}\.be\python-3.12.1-amd64.exe' to: 'C:\Users\noranekoshii\AppData\Local\Package Cache\{86e52725-ef45-452f-ac4c-b8958718bfea}\python-3.12.1-amd64.exe'
[1444:2A60][2024-09-20T07:50:59]i320: Registering bundle dependency provider: CPython-3.12, version: 3.12.1150.0
[1444:2A60][2024-09-20T07:50:59]i371: Updating session, registration key: SOFTWARE\Microsoft\Windows\CurrentVersion\Uninstall\{86e52725-ef45-452f-ac4c-b8958718bfea}, resume: Active, restart initiated: No, disable resume: No
[14B0:1DE8][2024-09-20T07:50:59]i305: Verified acquired payload: core_AllUsers at path: C:\ProgramData\Package Cache\.unverified\core_AllUsers, moving to: C:\ProgramData\Package Cache\{AC82C1A3-9597-40F2-893D-F02F778FBA4D}v3.12.1150.0\core.msi.
[14B0:2814][2024-09-20T07:50:59]i301: Applying execute package: core_AllUsers, action: Install, path: C:\ProgramData\Package Cache\{AC82C1A3-9597-40F2-893D-F02F778FBA4D}v3.12.1150.0\core.msi, arguments: ' ALLUSERS="1" ARPSYSTEMCOMPONENT="1" MSIFASTINSTALL="7" TARGETDIR="C:\Users\noranekoshii\AppData\Local\Programs\Python\Python312" OPTIONALFEATURESREGISTRYKEY="Software\Python\PythonCore\3.12\InstalledFeatures"'
[14B0:1DE8][2024-09-20T07:50:59]i305: Verified acquired payload: exe_AllUsers at path: C:\ProgramData\Package Cache\.unverified\exe_AllUsers, moving to: C:\ProgramData\Package Cache\{44BC9F9C-15C2-46C1-B88D-3135A9DA555F}v3.12.1150.0\exe.msi.
[14B0:1DE8][2024-09-20T07:50:59]i305: Verified acquired payload: dev_AllUsers at path: C:\ProgramData\Package Cache\.unverified\dev_AllUsers, moving to: C:\ProgramData\Package Cache\{8C53CBDD-4DAF-426F-9478-6C7C2920CDDA}v3.12.1150.0\dev.msi.
[14B0:1DE8][2024-09-20T07:50:59]i305: Verified acquired payload: lib_AllUsers at path: C:\ProgramData\Package Cache\.unverified\lib_AllUsers, moving to: C:\ProgramData\Package Cache\{47957EE3-0E23-4075-B825-F202E913670F}v3.12.1150.0\lib.msi.
[14B0:1DE8][2024-09-20T07:50:59]i305: Verified acquired payload: test_AllUsers at path: C:\ProgramData\Package Cache\.unverified\test_AllUsers, moving to: C:\ProgramData\Package Cache\{E309AE00-4FB1-4817-9172-7E198668375D}v3.12.1150.0\test.msi.
[14B0:1DE8][2024-09-20T07:50:59]i305: Verified acquired payload: doc_AllUsers at path: C:\ProgramData\Package Cache\.unverified\doc_AllUsers, moving to: C:\ProgramData\Package Cache\{62667662-A580-409C-8044-55B06F774AE2}v3.12.1150.0\doc.msi.
[14B0:1DE8][2024-09-20T07:50:59]i305: Verified acquired payload: tcltk_AllUsers at path: C:\ProgramData\Package Cache\.unverified\tcltk_AllUsers, moving to: C:\ProgramData\Package Cache\{926CDC62-3AE2-422B-9858-D6EC3BAD473F}v3.12.1150.0\tcltk.msi.
[14B0:1DE8][2024-09-20T07:50:59]i304: Verified existing payload: launcher_AllUsers at path: C:\ProgramData\Package Cache\{4C8D4EC3-F620-4CEE-8BAD-B59A3C6815F3}v3.12.1150.0\launcher.msi.
[14B0:1DE8][2024-09-20T07:51:00]i305: Verified acquired payload: pip_AllUsers at path: C:\ProgramData\Package Cache\.unverified\pip_AllUsers, moving to: C:\ProgramData\Package Cache\{1662F43B-2337-4FD8-8CE6-BEA38FC94DD4}v3.12.1150.0\pip.msi.
[14B0:1DE8][2024-09-20T07:51:00]i305: Verified acquired payload: path_AllUsers at path: C:\ProgramData\Package Cache\.unverified\path_AllUsers, moving to: C:\ProgramData\Package Cache\{946DC818-F8CA-463A-BE16-946EB508BD48}v3.12.1150.0\path.msi.
[1444:2A60][2024-09-20T07:51:00]i319: Applied execute package: core_AllUsers, result: 0x0, restart: None
[14B0:2814][2024-09-20T07:51:00]i301: Applying execute package: exe_AllUsers, action: Install, path: C:\ProgramData\Package Cache\{44BC9F9C-15C2-46C1-B88D-3135A9DA555F}v3.12.1150.0\exe.msi, arguments: ' ALLUSERS="1" ARPSYSTEMCOMPONENT="1" MSIFASTINSTALL="7" TARGETDIR="C:\Users\noranekoshii\AppData\Local\Programs\Python\Python312" OPTIONALFEATURESREGISTRYKEY="Software\Python\PythonCore\3.12\InstalledFeatures" ADDLOCAL="DefaultFeature,Shortcuts"'
[1444:2A60][2024-09-20T07:51:00]i319: Applied execute package: exe_AllUsers, result: 0x0, restart: None
[14B0:2814][2024-09-20T07:51:00]i301: Applying execute package: dev_AllUsers, action: Install, path: C:\ProgramData\Package Cache\{8C53CBDD-4DAF-426F-9478-6C7C2920CDDA}v3.12.1150.0\dev.msi, arguments: ' ALLUSERS="1" ARPSYSTEMCOMPONENT="1" MSIFASTINSTALL="7" TARGETDIR="C:\Users\noranekoshii\AppData\Local\Programs\Python\Python312" OPTIONALFEATURESREGISTRYKEY="Software\Python\PythonCore\3.12\InstalledFeatures"'
[1444:2A60][2024-09-20T07:51:02]i319: Applied execute package: dev_AllUsers, result: 0x0, restart: None
[14B0:2814][2024-09-20T07:51:02]i301: Applying execute package: lib_AllUsers, action: Install, path: C:\ProgramData\Package Cache\{47957EE3-0E23-4075-B825-F202E913670F}v3.12.1150.0\lib.msi, arguments: ' ALLUSERS="1" ARPSYSTEMCOMPONENT="1" MSIFASTINSTALL="7" TARGETDIR="C:\Users\noranekoshii\AppData\Local\Programs\Python\Python312" OPTIONALFEATURESREGISTRYKEY="Software\Python\PythonCore\3.12\InstalledFeatures"'
[1444:2A60][2024-09-20T07:51:04]i319: Applied execute package: lib_AllUsers, result: 0x0, restart: None
[14B0:2814][2024-09-20T07:51:04]i301: Applying execute package: test_AllUsers, action: Install, path: C:\ProgramData\Package Cache\{E309AE00-4FB1-4817-9172-7E198668375D}v3.12.1150.0\test.msi, arguments: ' ALLUSERS="1" ARPSYSTEMCOMPONENT="1" MSIFASTINSTALL="7" TARGETDIR="C:\Users\noranekoshii\AppData\Local\Programs\Python\Python312" OPTIONALFEATURESREGISTRYKEY="Software\Python\PythonCore\3.12\InstalledFeatures"'
[1444:2A60][2024-09-20T07:51:08]i319: Applied execute package: test_AllUsers, result: 0x0, restart: None
[14B0:2814][2024-09-20T07:51:08]i301: Applying execute package: doc_AllUsers, action: Install, path: C:\ProgramData\Package Cache\{62667662-A580-409C-8044-55B06F774AE2}v3.12.1150.0\doc.msi, arguments: ' ALLUSERS="1" ARPSYSTEMCOMPONENT="1" MSIFASTINSTALL="7" TARGETDIR="C:\Users\noranekoshii\AppData\Local\Programs\Python\Python312" OPTIONALFEATURESREGISTRYKEY="Software\Python\PythonCore\3.12\InstalledFeatures" ADDLOCAL="DefaultFeature,Shortcuts"'
[1444:2A60][2024-09-20T07:51:09]i319: Applied execute package: doc_AllUsers, result: 0x0, restart: None
[14B0:2814][2024-09-20T07:51:09]i301: Applying execute package: tcltk_AllUsers, action: Install, path: C:\ProgramData\Package Cache\{926CDC62-3AE2-422B-9858-D6EC3BAD473F}v3.12.1150.0\tcltk.msi, arguments: ' ALLUSERS="1" ARPSYSTEMCOMPONENT="1" MSIFASTINSTALL="7" TARGETDIR="C:\Users\noranekoshii\AppData\Local\Programs\Python\Python312" OPTIONALFEATURESREGISTRYKEY="Software\Python\PythonCore\3.12\InstalledFeatures" ADDLOCAL="DefaultFeature,AssociateFiles,Shortcuts"'
[1444:2A60][2024-09-20T07:51:13]i319: Applied execute package: tcltk_AllUsers, result: 0x0, restart: None
[14B0:2814][2024-09-20T07:51:13]i301: Applying execute package: launcher_AllUsers, action: Install, path: C:\ProgramData\Package Cache\{4C8D4EC3-F620-4CEE-8BAD-B59A3C6815F3}v3.12.1150.0\launcher.msi, arguments: ' ALLUSERS="1" MSIFASTINSTALL="7" ADDLOCAL="DefaultFeature,AssociateFiles"'
[1444:2A60][2024-09-20T07:51:14]i319: Applied execute package: launcher_AllUsers, result: 0x0, restart: None
[14B0:2814][2024-09-20T07:51:14]i301: Applying execute package: pip_AllUsers, action: Install, path: C:\ProgramData\Package Cache\{1662F43B-2337-4FD8-8CE6-BEA38FC94DD4}v3.12.1150.0\pip.msi, arguments: ' ALLUSERS="1" ARPSYSTEMCOMPONENT="1" MSIFASTINSTALL="7" TARGETDIR="C:\Users\noranekoshii\AppData\Local\Programs\Python\Python312" OPTIONALFEATURESREGISTRYKEY="Software\Python\PythonCore\3.12\InstalledFeatures"'
[1444:2A60][2024-09-20T07:51:22]i319: Applied execute package: pip_AllUsers, result: 0x0, restart: None
[14B0:2814][2024-09-20T07:51:22]i301: Applying execute package: path_AllUsers, action: Install, path: C:\ProgramData\Package Cache\{946DC818-F8CA-463A-BE16-946EB508BD48}v3.12.1150.0\path.msi, arguments: ' ALLUSERS="1" ARPSYSTEMCOMPONENT="1" MSIFASTINSTALL="7" TARGETDIR="C:\Users\noranekoshii\AppData\Local\Programs\Python\Python312" OPTIONALFEATURESREGISTRYKEY="Software\Python\PythonCore\3.12\InstalledFeatures"'
[1444:2A60][2024-09-20T07:51:24]i319: Applied execute package: path_AllUsers, result: 0x0, restart: None
[1444:2A60][2024-09-20T07:51:24]i372: Session end, registration key: SOFTWARE\Microsoft\Windows\CurrentVersion\Uninstall\{86e52725-ef45-452f-ac4c-b8958718bfea}, resume: ARP, restart: None, disable resume: No
[1444:2A60][2024-09-20T07:51:24]i371: Updating session, registration key: SOFTWARE\Microsoft\Windows\CurrentVersion\Uninstall\{86e52725-ef45-452f-ac4c-b8958718bfea}, resume: ARP, restart initiated: No, disable resume: No
[1444:2A60][2024-09-20T07:51:24]i399: Apply complete, result: 0x0, restart: None, ba requested restart:  No
[1444:2A60][2024-09-20T07:51:24]i500: Shutting down, exit code: 0x0
[1444:2A60][2024-09-20T07:51:24]i410: Variable: ActionLikeInstallation = Setup
[1444:2A60][2024-09-20T07:51:24]i410: Variable: ActionLikeInstalling = Installing
[1444:2A60][2024-09-20T07:51:24]i410: Variable: AppendPath = 0
[1444:2A60][2024-09-20T07:51:24]i410: Variable: AssociateFiles = 1
[1444:2A60][2024-09-20T07:51:24]i410: Variable: CompileAll = 0
[1444:2A60][2024-09-20T07:51:24]i410: Variable: CRTInstalled = 1
[1444:2A60][2024-09-20T07:51:24]i410: Variable: CustomBrowseButtonState = enabled
[1444:2A60][2024-09-20T07:51:24]i410: Variable: CustomInstallLauncherAllUsersState = enabled
[1444:2A60][2024-09-20T07:51:24]i410: Variable: DefaultAllUsersTargetDir = C:\Program Files\Python312
[1444:2A60][2024-09-20T07:51:24]i410: Variable: DefaultCustomTargetDir = 
[1444:2A60][2024-09-20T07:51:24]i410: Variable: DefaultJustForMeTargetDir = C:\Users\noranekoshii\AppData\Local\Programs\Python\Python312
[1444:2A60][2024-09-20T07:51:24]i410: Variable: DetectedLauncher = 0
[1444:2A60][2024-09-20T07:51:24]i410: Variable: DetectedOldLauncher = 0
[1444:2A60][2024-09-20T07:51:24]i410: Variable: Include_core = 1
[1444:2A60][2024-09-20T07:51:24]i410: Variable: Include_debug = 0
[1444:2A60][2024-09-20T07:51:24]i410: Variable: Include_dev = 1
[1444:2A60][2024-09-20T07:51:24]i410: Variable: Include_doc = 1
[1444:2A60][2024-09-20T07:51:24]i410: Variable: Include_exe = 1
[1444:2A60][2024-09-20T07:51:24]i410: Variable: Include_launcher = 1
[1444:2A60][2024-09-20T07:51:24]i410: Variable: Include_launcherState = enabled
[1444:2A60][2024-09-20T07:51:24]i410: Variable: Include_lib = 1
[1444:2A60][2024-09-20T07:51:24]i410: Variable: Include_pip = 1
[1444:2A60][2024-09-20T07:51:24]i410: Variable: Include_symbols = 0
[1444:2A60][2024-09-20T07:51:24]i410: Variable: Include_tcltk = 1
[1444:2A60][2024-09-20T07:51:24]i410: Variable: Include_test = 1
[1444:2A60][2024-09-20T07:51:24]i410: Variable: Include_tools = 0
[1444:2A60][2024-09-20T07:51:24]i410: Variable: InstallAllUsers = 1
[1444:2A60][2024-09-20T07:51:24]i410: Variable: InstallAllUsersState = enabled
[1444:2A60][2024-09-20T07:51:24]i410: Variable: InstallLauncherAllUsers = 0
[1444:2A60][2024-09-20T07:51:24]i410: Variable: InstallLauncherAllUsersState = enabled
[1444:2A60][2024-09-20T07:51:24]i410: Variable: LauncherOnly = 0
[1444:2A60][2024-09-20T07:51:24]i410: Variable: LocalAppDataFolder = C:\Users\noranekoshii\AppData\Local\
[1444:2A60][2024-09-20T07:51:24]i410: Variable: OptionalFeaturesRegistryKey = Software\Python\PythonCore\3.12\InstalledFeatures
[1444:2A60][2024-09-20T07:51:24]i410: Variable: PrependPath = 1
[1444:2A60][2024-09-20T07:51:24]i410: Variable: ProgramFiles64Folder = C:\Program Files\
[1444:2A60][2024-09-20T07:51:24]i410: Variable: Shortcuts = 1
[1444:2A60][2024-09-20T07:51:24]i410: Variable: ShortVersion = 3.12
[1444:2A60][2024-09-20T07:51:24]i410: Variable: ShortVersionNoDot = 312
[1444:2A60][2024-09-20T07:51:24]i410: Variable: SimpleInstall = 0
[1444:2A60][2024-09-20T07:51:24]i410: Variable: SimpleInstallDescription = 
[1444:2A60][2024-09-20T07:51:24]i410: Variable: TargetDir = C:\Users\noranekoshii\AppData\Local\Programs\Python\Python312
[1444:2A60][2024-09-20T07:51:24]i410: Variable: TargetDirRegistryKey = Software\Python\PythonCore\3.12\InstallPath
[1444:2A60][2024-09-20T07:51:24]i410: Variable: TargetDirState = enabled
[1444:2A60][2024-09-20T07:51:24]i410: Variable: TargetPlatform = x64
[1444:2A60][2024-09-20T07:51:24]i410: Variable: WinVer = 3.12
[1444:2A60][2024-09-20T07:51:24]i410: Variable: WinVerNoDot = 312
[1444:2A60][2024-09-20T07:51:24]i410: Variable: WixBundleAction = 5
[1444:2A60][2024-09-20T07:51:24]i410: Variable: WixBundleElevated = 1
[1444:2A60][2024-09-20T07:51:24]i410: Variable: WixBundleFileVersion = 3.12.1150.0
[1444:2A60][2024-09-20T07:51:24]i410: Variable: WixBundleInstalled = 0
[1444:2A60][2024-09-20T07:51:24]i410: Variable: WixBundleLog = C:\Users\noranekoshii\Documents\GitHub\BackupScript\python_install.log
[1444:2A60][2024-09-20T07:51:24]i410: Variable: WixBundleLog_core_AllUsers = C:\Users\noranekoshii\Documents\GitHub\BackupScript\python_install_000_core_AllUsers.log
[1444:2A60][2024-09-20T07:51:24]i410: Variable: WixBundleLog_dev_AllUsers = C:\Users\noranekoshii\Documents\GitHub\BackupScript\python_install_002_dev_AllUsers.log
[1444:2A60][2024-09-20T07:51:24]i410: Variable: WixBundleLog_doc_AllUsers = C:\Users\noranekoshii\Documents\GitHub\BackupScript\python_install_005_doc_AllUsers.log
[1444:2A60][2024-09-20T07:51:24]i410: Variable: WixBundleLog_exe_AllUsers = C:\Users\noranekoshii\Documents\GitHub\BackupScript\python_install_001_exe_AllUsers.log
[1444:2A60][2024-09-20T07:51:24]i410: Variable: WixBundleLog_launcher_AllUsers = C:\Users\noranekoshii\Documents\GitHub\BackupScript\python_install_007_launcher_AllUsers.log
[1444:2A60][2024-09-20T07:51:24]i410: Variable: WixBundleLog_lib_AllUsers = C:\Users\noranekoshii\Documents\GitHub\BackupScript\python_install_003_lib_AllUsers.log
[1444:2A60][2024-09-20T07:51:24]i410: Variable: WixBundleLog_path_AllUsers = C:\Users\noranekoshii\Documents\GitHub\BackupScript\python_install_009_path_AllUsers.log
[1444:2A60][2024-09-20T07:51:24]i410: Variable: WixBundleLog_pip_AllUsers = C:\Users\noranekoshii\Documents\GitHub\BackupScript\python_install_008_pip_AllUsers.log
[1444:2A60][2024-09-20T07:51:24]i410: Variable: WixBundleLog_tcltk_AllUsers = C:\Users\noranekoshii\Documents\GitHub\BackupScript\python_install_006_tcltk_AllUsers.log
[1444:2A60][2024-09-20T07:51:24]i410: Variable: WixBundleLog_test_AllUsers = C:\Users\noranekoshii\Documents\GitHub\BackupScript\python_install_004_test_AllUsers.log
[1444:2A60][2024-09-20T07:51:24]i410: Variable: WixBundleManufacturer = Python Software Foundation
[1444:2A60][2024-09-20T07:51:24]i410: Variable: WixBundleName = Python 3.12.1 (64-bit)
[1444:2A60][2024-09-20T07:51:24]i410: Variable: WixBundleOriginalSource = C:\Users\noranekoshii\Documents\GitHub\BackupScript\python-3.12.1-amd64.exe
[1444:2A60][2024-09-20T07:51:24]i410: Variable: WixBundleOriginalSourceFolder = C:\Users\noranekoshii\Documents\GitHub\BackupScript\
[1444:2A60][2024-09-20T07:51:24]i410: Variable: WixBundleProviderKey = CPython-3.12
[1444:2A60][2024-09-20T07:51:24]i410: Variable: WixBundleRollbackLog_core_AllUsers = C:\Users\noranekoshii\Documents\GitHub\BackupScript\python_install_000_core_AllUsers_rollback.log
[1444:2A60][2024-09-20T07:51:24]i410: Variable: WixBundleRollbackLog_dev_AllUsers = C:\Users\noranekoshii\Documents\GitHub\BackupScript\python_install_002_dev_AllUsers_rollback.log
[1444:2A60][2024-09-20T07:51:24]i410: Variable: WixBundleRollbackLog_doc_AllUsers = C:\Users\noranekoshii\Documents\GitHub\BackupScript\python_install_005_doc_AllUsers_rollback.log
[1444:2A60][2024-09-20T07:51:24]i410: Variable: WixBundleRollbackLog_exe_AllUsers = C:\Users\noranekoshii\Documents\GitHub\BackupScript\python_install_001_exe_AllUsers_rollback.log
[1444:2A60][2024-09-20T07:51:24]i410: Variable: WixBundleRollbackLog_lib_AllUsers = C:\Users\noranekoshii\Documents\GitHub\BackupScript\python_install_003_lib_AllUsers_rollback.log
[1444:2A60][2024-09-20T07:51:24]i410: Variable: WixBundleRollbackLog_path_AllUsers = C:\Users\noranekoshii\Documents\GitHub\BackupScript\python_install_009_path_AllUsers_rollback.log
[1444:2A60][2024-09-20T07:51:24]i410: Variable: WixBundleRollbackLog_pip_AllUsers = C:\Users\noranekoshii\Documents\GitHub\BackupScript\python_install_008_pip_AllUsers_rollback.log
[1444:2A60][2024-09-20T07:51:24]i410: Variable: WixBundleRollbackLog_tcltk_AllUsers = C:\Users\noranekoshii\Documents\GitHub\BackupScript\python_install_006_tcltk_AllUsers_rollback.log
[1444:2A60][2024-09-20T07:51:24]i410: Variable: WixBundleRollbackLog_test_AllUsers = C:\Users\noranekoshii\Documents\GitHub\BackupScript\python_install_004_test_AllUsers_rollback.log
[1444:2A60][2024-09-20T07:51:24]i410: Variable: WixBundleSourceProcessFolder = C:\Users\noranekoshii\Documents\GitHub\BackupScript\
[1444:2A60][2024-09-20T07:51:24]i410: Variable: WixBundleSourceProcessPath = C:\Users\noranekoshii\Documents\GitHub\BackupScript\python-3.12.1-amd64.exe
[1444:2A60][2024-09-20T07:51:24]i410: Variable: WixBundleTag = 
[1444:2A60][2024-09-20T07:51:24]i410: Variable: WixBundleUILevel = 3
[1444:2A60][2024-09-20T07:51:24]i410: Variable: WixBundleVersion = 3.12.1150.0
[1444:2A60][2024-09-20T07:51:24]i007: Exit code: 0x0, restarting: No
